Start testing: Dec 15 21:50 PST
----------------------------------------------------------
1/3 Testing: BoardRenderingTests
1/3 Test: BoardRenderingTests
Command: "/mnt/c/Users/Farbod/Desktop/Minesweeper/build-linux/checkpoint2_tests"
Directory: /mnt/c/Users/Farbod/Desktop/Minesweeper/build-linux
"BoardRenderingTests" start time: Dec 15 21:50 PST
Output:
----------------------------------------------------------

=== Running Tests for Checkpoint 2: Board Rendering & Interaction ===

Test 1: Normal Operation (Board Initialization & Cell Rendering)... PASSED
Test 2: Edge Case (Cell State Transitions & Rendering)... PASSED
Test 3: Boundary Conditions (Cursor Movement & Flagging)... PASSED
Test 4: Digging Cells (Cell Dig Logic)... PASSED
Test 5: Adjacent Mines Count Display... PASSED
Test 6: Board Size Variations (Different Difficulties)... PASSED

✅ All tests passed!
<end of output>
Test time =   0.01 sec
----------------------------------------------------------
Test Passed.
"BoardRenderingTests" end time: Dec 15 21:50 PST
"BoardRenderingTests" time elapsed: 00:00:00
----------------------------------------------------------

2/3 Testing: MinePlacementTests
2/3 Test: MinePlacementTests
Command: "/mnt/c/Users/Farbod/Desktop/Minesweeper/build-linux/checkpoint3_tests"
Directory: /mnt/c/Users/Farbod/Desktop/Minesweeper/build-linux
"MinePlacementTests" start time: Dec 15 21:50 PST
Output:
----------------------------------------------------------

=== Running Tests for Checkpoint 3: Mine Placement Algorithm ===

Test 1: Normal Operation (Mine Placement Basic Functionality)... PASSED
Test 2: Edge Case (formsTwoByTwo Detection)... PASSED
Test 3: Edge Case (formsLongLine Detection)... PASSED
Test 4: Edge Case (trapsSafeCell Detection)... PASSED
Test 5: Boundary Conditions (makeKey & isBlacklisted)... PASSED
Test 6: Normal Operation (calcAdjacentMines)... PASSED
Test 7: Boundary Conditions (Safe Zone at Board Corners)... PASSED
Test 8: Stress Test (High Mine Density)...[35m Oops! The hungry hungry caterpillar ate 25 mines while we were creating your board! That's my bad... :[ [0m[?25l
 PASSED

✅ All tests passed!
<end of output>
Test time =   0.01 sec
----------------------------------------------------------
Test Passed.
"MinePlacementTests" end time: Dec 15 21:50 PST
"MinePlacementTests" time elapsed: 00:00:00
----------------------------------------------------------

3/3 Testing: HighScoreTests
3/3 Test: HighScoreTests
Command: "/mnt/c/Users/Farbod/Desktop/Minesweeper/build-linux/checkpoint4_tests"
Directory: /mnt/c/Users/Farbod/Desktop/Minesweeper/build-linux
"HighScoreTests" start time: Dec 15 21:50 PST
Output:
----------------------------------------------------------

=== Running Tests for Checkpoint 4: Time Calculation & High Score Saving ===

Test 1: Normal Operation (Time String to Seconds Conversion)... PASSED
Test 2: Normal Operation (Seconds to Time String Formatting)... PASSED
Test 3: Edge Case (Round Trip Conversion)... PASSED
Test 4: Normal Operation (Add Score and Retrieve)... PASSED
Test 5: Boundary Conditions (Score Sorting)... PASSED
Test 6: Boundary Conditions (Max 5 Scores Limit)... PASSED
Test 7: Edge Case (Different Difficulties Stored Separately)... PASSED
Test 8: Edge Case (Score Not Good Enough to Save)... PASSED

✅ All tests passed!
<end of output>
Test time =   0.01 sec
----------------------------------------------------------
Test Passed.
"HighScoreTests" end time: Dec 15 21:50 PST
"HighScoreTests" time elapsed: 00:00:00
----------------------------------------------------------

End testing: Dec 15 21:50 PST
